<?xml version="1.0" encoding="UTF-8"?>
<testng-results ignored="0" total="1" passed="1" failed="0" skipped="0">
  <reporter-output>
  </reporter-output>
  <suite started-at="2025-08-11T20:08:32 IST" name="Default suite" finished-at="2025-08-11T20:08:41 IST" duration-ms="9550">
    <groups>
    </groups>
    <test started-at="2025-08-11T20:08:32 IST" name="Default test" finished-at="2025-08-11T20:08:41 IST" duration-ms="9550">
      <class name="testcases.TC_001_LoginPage">
        <test-method is-config="true" signature="preConditions()[pri:0, instance:testcases.TC_001_LoginPage@6c80d78a]" started-at="2025-08-11T20:08:32 IST" name="preConditions" finished-at="2025-08-11T20:08:38 IST" duration-ms="5798" status="PASS">
          <reporter-output>
          </reporter-output>
        </test-method> <!-- preConditions -->
        <test-method signature="createLead()[pri:0, instance:testcases.TC_001_LoginPage@6c80d78a]" started-at="2025-08-11T20:08:38 IST" name="createLead" finished-at="2025-08-11T20:08:41 IST" duration-ms="3541" status="PASS">
          <reporter-output>
          </reporter-output>
        </test-method> <!-- createLead -->
        <test-method is-config="true" signature="postConditon()[pri:0, instance:testcases.TC_001_LoginPage@6c80d78a]" started-at="2025-08-11T20:08:41 IST" name="postConditon" finished-at="2025-08-11T20:08:41 IST" duration-ms="166" status="PASS">
          <reporter-output>
          </reporter-output>
        </test-method> <!-- postConditon -->
      </class> <!-- testcases.TC_001_LoginPage -->
    </test> <!-- Default test -->
  </suite> <!-- Default suite -->
</testng-results>
